Arguments: 
  /home/nani/.nvm/versions/node/v16.3.0/bin/node /usr/bin/yarn add angular-datatables --quiet

PATH: 
  /home/nani/.nvm/versions/node/v16.3.0/bin:/usr/bin:/home/nani/bin:/usr/local/sbin:/usr/local/bin:/usr/sbin:/usr/bin:/sbin:/bin:/usr/games:/usr/local/games:/snap/bin

Yarn version: 
  1.22.10

Node version: 
  16.3.0

Platform: 
  linux x64

Trace: 
  Error: ENOENT: no such file or directory, copyfile '/home/nani/.cache/yarn/v6/npm-@babel-core-7.12.10-b79a2e1b9f70ed3d84bbfb6d8c4ef825f606bccd-integrity/node_modules/@babel/core/lib/config/files/configuration.js' -> '/home/nani/Desktop/workspace/projectmarsfrontend/node_modules/@angular-builders/custom-webpack/node_modules/@babel/core/lib/config/files/configuration.js'

npm manifest: 
  {
    "name": "gull",
    "version": "8.0.0",
    "license": "https://themeforest.net/licenses/terms/regular",
    "scripts": {
      "ng": "ng",
      "config": "ts-node ./scripts/setenv.ts",
      "start": "npm run config -- --environment=dev && ng serve --host 0.0.0.0 --port 4201",
      "build": "npm run config -- --environment=prod && ng build --prod",
      "test": "ng test",
      "optimizecss": "gulp --gulpfile optimize-css.gulpfile.js",
      "lint": "ng lint",
      "e2e": "ng e2e",
      "build:blue": "ng build --prod --base-href \"http://gull.ui-lib.com/blue/\"",
      "build:purple": "ng build --prod --base-href \"http://gull.ui-lib.com/purple/\"",
      "prod": "node --max_old_space_size=64384  ./node_modules/@angular/cli/bin/ng build --prod --build-optimizer --output-hashing=none"
    },
    "private": true,
    "dependencies": {
      "@angular/animations": "8.0.1",
      "@angular/common": "8.0.1",
      "@angular/compiler": "8.0.1",
      "@angular/core": "8.0.0",
      "@angular/forms": "8.0.1",
      "@angular/platform-browser": "8.0.1",
      "@angular/platform-browser-dynamic": "8.0.1",
      "@angular/router": "8.0.1",
      "@ng-bootstrap/ng-bootstrap": "4.0.0",
      "@ng-idle/core": "^10.0.0-beta.1",
      "@ng-idle/keepalive": "^10.0.0-beta.1",
      "@ng-select/ng-select": "^3.7.3",
      "@swimlane/ngx-datatable": "^15.0.2",
      "angular-calendar": "0.26.4",
      "angular-datatables": "^12.0.0",
      "angular-in-memory-web-api": "^0.8.0",
      "angular-recaptcha3": "^2.0.0",
      "angular2-ladda": "2.0.0",
      "angular2-moment": "^1.9.0",
      "angular2-text-mask": "9.0.0",
      "angularjs-datepicker": "^2.1.23",
      "bootstrap": "^4.4.1",
      "classlist.js": "1.1.20150312",
      "compression-webpack-plugin": "^7.1.2",
      "core-js": "2.5.4",
      "datatables.net": "^1.10.25",
      "datatables.net-dt": "^1.1.0",
      "date-fns": "1.29.0",
      "echarts": "4.2.0-rc.1",
      "feather-icons": "4.7.3",
      "gulp": "^4.0.2",
      "gulp-brotli": "^3.0.0",
      "gulp-clean": "^0.4.0",
      "gulp-filter": "^7.0.0",
      "gulp-gzip": "^1.4.2",
      "gulp-purify-css": "^0.1.0",
      "highlight.js": "9.13.1",
      "html-to-pdfmake": "^2.1.7",
      "html2canvas": "^1.0.0-rc.7",
      "jquery": "^3.6.0",
      "jspdf": "^1.4.1",
      "ng-helmet": "^1.0.0",
      "ng-recaptcha": "^8.0.0",
      "ng2-google-recaptcha": "^5.0.0",
      "ng2-validation": "4.2.0",
      "ngx-chips": "1.9.8",
      "ngx-color-picker": "7.0.1",
      "ngx-echarts": "4.0.0",
      "ngx-img-cropper": "0.10.4",
      "ngx-pagination": "^3.2.1",
      "ngx-perfect-scrollbar": "6.3.1",
      "ngx-quill": "4.0.0",
      "ngx-select-dropdown": "^2.1.0",
      "ngx-toastr": "9.1.0",
      "popper.js": "1.14.4",
      "quill": "^1.3.7",
      "rxjs": "~6.5.2",
      "web-animations-js": "github:angular/web-animations-js#release_pr208",
      "xlsx": "^0.16.9",
      "zone.js": "~0.9.1"
    },
    "devDependencies": {
      "@angular-builders/custom-webpack": "^11.1.1",
      "@angular-devkit/build-angular": "^0.803.29",
      "@angular/cli": "^8.0.6",
      "@angular/compiler-cli": "8.0.1",
      "@angular/language-service": "8.0.1",
      "@types/jasmine": "~2.8.8",
      "@types/jasminewd2": "~2.0.3",
      "@types/node": "~8.9.4",
      "brotli-webpack-plugin": "^1.1.0",
      "codelyzer": "^5.0.1",
      "dotenv": "^10.0.0",
      "jasmine-core": "~2.99.1",
      "jasmine-spec-reporter": "~4.2.1",
      "karma": "~3.0.0",
      "karma-chrome-launcher": "~2.2.0",
      "karma-coverage-istanbul-reporter": "~2.0.1",
      "karma-jasmine": "~1.1.2",
      "karma-jasmine-html-reporter": "0.2.2",
      "node-sass": "^4.12.0",
      "protractor": "~5.4.0",
      "ts-node": "~7.0.0",
      "tslint": "~5.11.0",
      "typescript": "~3.4.5",
      "yargs": "^13.3.2"
    }
  }

yarn manifest: 
  No manifest

Lockfile: 
  No lockfile
